#
# There is insufficient memory for the Java Runtime Environment to continue.
# Native memory allocation (malloc) failed to allocate 1368416 bytes for Chunk::new
# Possible reasons:
#   The system is out of physical RAM or swap space
#   The process is running with CompressedOops enabled, and the Java Heap may be blocking the growth of the native heap
# Possible solutions:
#   Reduce memory load on the system
#   Increase physical memory or swap space
#   Check if swap backing store is full
#   Decrease Java heap size (-Xmx/-Xms)
#   Decrease number of Java threads
#   Decrease Java thread stack sizes (-Xss)
#   Set larger code cache with -XX:ReservedCodeCacheSize=
#   JVM is running with Unscaled Compressed Oops mode in which the Java heap is
#     placed in the first 4GB address space. The Java Heap base address is the
#     maximum limit for the native heap growth. Please use -XX:HeapBaseMinAddress
#     to set the Java Heap base and to place the Java Heap above 4GB virtual address.
# This output file may be truncated or incomplete.
#
#  Out of Memory Error (arena.cpp:184), pid=32232, tid=32340
#
# JRE version: OpenJDK Runtime Environment (19.0.1+10) (build 19.0.1+10-21)
# Java VM: OpenJDK 64-Bit Server VM (19.0.1+10-21, mixed mode, sharing, tiered, compressed oops, compressed class ptrs, g1 gc, windows-amd64)
# No core dump will be written. Minidumps are not enabled by default on client versions of Windows
#

---------------  S U M M A R Y ------------

Command Line: -Djava.library.path=E:\New folder (3)\JOGLwin\lib64 -javaagent:C:\Program Files\JetBrains\IntelliJ IDEA Community Edition 2022.2.3\lib\idea_rt.jar=51154:C:\Program Files\JetBrains\IntelliJ IDEA Community Edition 2022.2.3\bin -Dfile.encoding=UTF-8 -Dsun.stdout.encoding=UTF-8 -Dsun.stderr.encoding=UTF-8 Man.Anim

Host: Intel(R) Core(TM) i5-8265U CPU @ 1.60GHz, 8 cores, 7G,  Windows 10 , 64 bit Build 19041 (10.0.19041.2364)
Time: Mon Dec 19 02:14:23 2022 Egypt Standard Time elapsed time: 0.906410 seconds (0d 0h 0m 0s)

---------------  T H R E A D  ---------------

Current thread (0x000002272bebc7f0):  JavaThread "C2 CompilerThread0" daemon [_thread_in_native, id=32340, stack(0x0000006de2600000,0x0000006de2700000)]


Current CompileTask:
C2:    906 1070 %     4       com.sun.opengl.impl.mipmap.ScaleInternal::scale_internal_ubyte @ 456 (1604 bytes)

Stack: [0x0000006de2600000,0x0000006de2700000]
Native frames: (J=compiled Java code, j=interpreted, Vv=VM code, C=native code)
V  [jvm.dll+0x6ee8fa]
V  [jvm.dll+0x857a1e]
V  [jvm.dll+0x85940e]
V  [jvm.dll+0x859ac3]
V  [jvm.dll+0x28291f]
V  [jvm.dll+0xc9b5f]
V  [jvm.dll+0xc9ee5]
V  [jvm.dll+0x3bcbac]
V  [jvm.dll+0x1ee31a]
V  [jvm.dll+0x24c41b]
V  [jvm.dll+0x24b671]
V  [jvm.dll+0x1d6d61]
V  [jvm.dll+0x25b0fa]
V  [jvm.dll+0x259588]
V  [jvm.dll+0x807928]
V  [jvm.dll+0x8015fa]
V  [jvm.dll+0x6ed5eb]
C  [ucrtbase.dll+0x21bb2]
C  [KERNEL32.DLL+0x17614]
C  [ntdll.dll+0x526a1]


---------------  P R O C E S S  ---------------

Threads class SMR info:
_java_thread_list=0x00000227316490b0, length=19, elements={
0x000002272beb4950, 0x000002272beb5740, 0x000002272beba7e0, 0x000002272bebd520,
0x000002272bebde50, 0x000002272bebe8c0, 0x000002272bebc7f0, 0x000002272bed2e90,
0x000002272beda260, 0x000002272be84f10, 0x0000022730266ae0, 0x0000022730309ae0,
0x0000022730443300, 0x0000022730446780, 0x000002273044ac10, 0x0000022731489010,
0x0000022730f9c640, 0x000002270d6eb3e0, 0x000002272bed3420
}

Java Threads: ( => current thread )
  0x000002272beb4950 JavaThread "Reference Handler" daemon [_thread_blocked, id=32316, stack(0x0000006de2000000,0x0000006de2100000)]
  0x000002272beb5740 JavaThread "Finalizer" daemon [_thread_blocked, id=32320, stack(0x0000006de2100000,0x0000006de2200000)]
  0x000002272beba7e0 JavaThread "Signal Dispatcher" daemon [_thread_blocked, id=32324, stack(0x0000006de2200000,0x0000006de2300000)]
  0x000002272bebd520 JavaThread "Attach Listener" daemon [_thread_blocked, id=32328, stack(0x0000006de2300000,0x0000006de2400000)]
  0x000002272bebde50 JavaThread "Service Thread" daemon [_thread_blocked, id=32332, stack(0x0000006de2400000,0x0000006de2500000)]
  0x000002272bebe8c0 JavaThread "Monitor Deflation Thread" daemon [_thread_blocked, id=32336, stack(0x0000006de2500000,0x0000006de2600000)]
=>0x000002272bebc7f0 JavaThread "C2 CompilerThread0" daemon [_thread_in_native, id=32340, stack(0x0000006de2600000,0x0000006de2700000)]
  0x000002272bed2e90 JavaThread "C1 CompilerThread0" daemon [_thread_blocked, id=32344, stack(0x0000006de2700000,0x0000006de2800000)]
  0x000002272beda260 JavaThread "Sweeper thread" daemon [_thread_blocked, id=32348, stack(0x0000006de2800000,0x0000006de2900000)]
  0x000002272be84f10 JavaThread "Common-Cleaner" daemon [_thread_blocked, id=32352, stack(0x0000006de2900000,0x0000006de2a00000)]
  0x0000022730266ae0 JavaThread "Monitor Ctrl-Break" daemon [_thread_in_native, id=32356, stack(0x0000006de2a00000,0x0000006de2b00000)]
  0x0000022730309ae0 JavaThread "Notification Thread" daemon [_thread_blocked, id=32360, stack(0x0000006de2b00000,0x0000006de2c00000)]
  0x0000022730443300 JavaThread "Java2D Disposer" daemon [_thread_blocked, id=32376, stack(0x0000006de2d00000,0x0000006de2e00000)]
  0x0000022730446780 JavaThread "AWT-Shutdown" [_thread_blocked, id=32380, stack(0x0000006de2e00000,0x0000006de2f00000)]
  0x000002273044ac10 JavaThread "AWT-Windows" daemon [_thread_in_native, id=32384, stack(0x0000006de2f00000,0x0000006de3000000)]
  0x0000022731489010 JavaThread "Timer-0" [_thread_blocked, id=32388, stack(0x0000006de3000000,0x0000006de3100000)]
  0x0000022730f9c640 JavaThread "AWT-EventQueue-0" [_thread_in_Java, id=32392, stack(0x0000006de3100000,0x0000006de3200000)]
  0x000002270d6eb3e0 JavaThread "DestroyJavaVM" [_thread_blocked, id=32288, stack(0x0000006de1900000,0x0000006de1a00000)]
  0x000002272bed3420 JavaThread "C2 CompilerThread1" daemon [_thread_blocked, id=32452, stack(0x0000006de3700000,0x0000006de3800000)]

Other Threads:
  0x000002272be98720 VMThread "VM Thread" [stack: 0x0000006de1f00000,0x0000006de2000000] [id=32312]
  0x00000227303076a0 WatcherThread "VM Periodic Task Thread" [stack: 0x0000006de2c00000,0x0000006de2d00000] [id=32364]
  0x000002270d749830 WorkerThread "GC Thread#0" [stack: 0x0000006de1a00000,0x0000006de1b00000] [id=32292]
  0x0000022731421ec0 WorkerThread "GC Thread#1" [stack: 0x0000006de3800000,0x0000006de3900000] [id=32456]
  0x000002273046f0c0 WorkerThread "GC Thread#2" [stack: 0x0000006de3900000,0x0000006de3a00000] [id=32460]
  0x000002273141d6e0 WorkerThread "GC Thread#3" [stack: 0x0000006de3a00000,0x0000006de3b00000] [id=32464]
  0x0000022731721610 WorkerThread "GC Thread#4" [stack: 0x0000006de3b00000,0x0000006de3c00000] [id=32468]
  0x0000022736519470 WorkerThread "GC Thread#5" [stack: 0x0000006de3c00000,0x0000006de3d00000] [id=32472]
  0x0000022736519ce0 WorkerThread "GC Thread#6" [stack: 0x0000006de3d00000,0x0000006de3e00000] [id=32476]
  0x0000022736519a10 WorkerThread "GC Thread#7" [stack: 0x0000006de3e00000,0x0000006de3f00000] [id=32480]
  0x000002270d75b420 ConcurrentGCThread "G1 Main Marker" [stack: 0x0000006de1b00000,0x0000006de1c00000] [id=32296]
  0x000002270d75bff0 WorkerThread "G1 Conc#0" [stack: 0x0000006de1c00000,0x0000006de1d00000] [id=32300]
  0x000002270d7be260 ConcurrentGCThread "G1 Refine#0" [stack: 0x0000006de1d00000,0x0000006de1e00000] [id=32304]
  0x000002272bd544d0 ConcurrentGCThread "G1 Service" [stack: 0x0000006de1e00000,0x0000006de1f00000] [id=32308]

Threads with active compile tasks:
C2 CompilerThread0      944 1070 %     4       com.sun.opengl.impl.mipmap.ScaleInternal::scale_internal_ubyte @ 456 (1604 bytes)

VM state: not at safepoint (normal execution)

VM Mutex/Monitor currently owned by a thread: None

Heap address: 0x0000000081c00000, size: 2020 MB, Compressed Oops mode: 32-bit

CDS archive(s) mapped at: [0x0000000800000000-0x0000000800c30000-0x0000000800c30000), size 12779520, SharedBaseAddress: 0x0000000800000000, ArchiveRelocationMode: 0.
Compressed class space mapped at: 0x0000000801000000-0x0000000841000000, reserved size: 1073741824
Narrow klass base: 0x0000000800000000, Narrow klass shift: 0, Narrow klass range: 0x100000000

GC Precious Log:
 CardTable entry size: 512
 Card Set container configuration: InlinePtr #cards 5 size 8 Array Of Cards #cards 12 size 40 Howl #buckets 4 coarsen threshold 1843 Howl Bitmap #cards 512 size 80 coarsen threshold 460 Card regions per heap region 1 cards per card region 2048
 CPUs: 8 total, 8 available
 Memory: 8078M
 Large Page Support: Disabled
 NUMA Support: Disabled
 Compressed Oops: Enabled (32-bit)
 Heap Region Size: 1M
 Heap Min Capacity: 8M
 Heap Initial Capacity: 128M
 Heap Max Capacity: 2020M
 Pre-touch: Disabled
 Parallel Workers: 8
 Concurrent Workers: 2
 Concurrent Refinement Workers: 8
 Periodic GC: Disabled

Heap:
 garbage-first heap   total 131072K, used 11072K [0x0000000081c00000, 0x0000000100000000)
  region size 1024K, 8 young (8192K), 3 survivors (3072K)
 Metaspace       used 10392K, committed 10624K, reserved 1114112K
  class space    used 979K, committed 1088K, reserved 1048576K

Heap Regions: E=young(eden), S=young(survivor), O=old, HS=humongous(starts), HC=humongous(continues), CS=collection set, F=free, OA=open archive, CA=closed archive, TAMS=top-at-mark-start (previous, next)
|   0|0x0000000081c00000, 0x0000000081d00000, 0x0000000081d00000|100%|HS|  |TAMS 0x0000000081c00000, 0x0000000081c00000| Complete 
|   1|0x0000000081d00000, 0x0000000081e00000, 0x0000000081e00000|100%|HC|  |TAMS 0x0000000081d00000, 0x0000000081d00000| Complete 
|   2|0x0000000081e00000, 0x0000000081f00000, 0x0000000081f00000|100%|HS|  |TAMS 0x0000000081e00000, 0x0000000081e00000| Complete 
|   3|0x0000000081f00000, 0x0000000082000000, 0x0000000082000000|100%|HC|  |TAMS 0x0000000081f00000, 0x0000000081f00000| Complete 
|   4|0x0000000082000000, 0x0000000082000000, 0x0000000082100000|  0%| F|  |TAMS 0x0000000082000000, 0x0000000082000000| Untracked 
|   5|0x0000000082100000, 0x0000000082100000, 0x0000000082200000|  0%| F|  |TAMS 0x0000000082100000, 0x0000000082100000| Untracked 
|   6|0x0000000082200000, 0x0000000082200000, 0x0000000082300000|  0%| F|  |TAMS 0x0000000082200000, 0x0000000082200000| Untracked 
|   7|0x0000000082300000, 0x0000000082300000, 0x0000000082400000|  0%| F|  |TAMS 0x0000000082300000, 0x0000000082300000| Untracked 
|   8|0x0000000082400000, 0x0000000082400000, 0x0000000082500000|  0%| F|  |TAMS 0x0000000082400000, 0x0000000082400000| Untracked 
|   9|0x0000000082500000, 0x0000000082500000, 0x0000000082600000|  0%| F|  |TAMS 0x0000000082500000, 0x0000000082500000| Untracked 
|  10|0x0000000082600000, 0x0000000082600000, 0x0000000082700000|  0%| F|  |TAMS 0x0000000082600000, 0x0000000082600000| Untracked 
|  11|0x0000000082700000, 0x0000000082700000, 0x0000000082800000|  0%| F|  |TAMS 0x0000000082700000, 0x0000000082700000| Untracked 
|  12|0x0000000082800000, 0x0000000082800000, 0x0000000082900000|  0%| F|  |TAMS 0x0000000082800000, 0x0000000082800000| Untracked 
|  13|0x0000000082900000, 0x0000000082900000, 0x0000000082a00000|  0%| F|  |TAMS 0x0000000082900000, 0x0000000082900000| Untracked 
|  14|0x0000000082a00000, 0x0000000082a00000, 0x0000000082b00000|  0%| F|  |TAMS 0x0000000082a00000, 0x0000000082a00000| Untracked 
|  15|0x0000000082b00000, 0x0000000082b00000, 0x0000000082c00000|  0%| F|  |TAMS 0x0000000082b00000, 0x0000000082b00000| Untracked 
|  16|0x0000000082c00000, 0x0000000082c00000, 0x0000000082d00000|  0%| F|  |TAMS 0x0000000082c00000, 0x0000000082c00000| Untracked 
|  17|0x0000000082d00000, 0x0000000082d00000, 0x0000000082e00000|  0%| F|  |TAMS 0x0000000082d00000, 0x0000000082d00000| Untracked 
|  18|0x0000000082e00000, 0x0000000082e00000, 0x0000000082f00000|  0%| F|  |TAMS 0x0000000082e00000, 0x0000000082e00000| Untracked 
|  19|0x0000000082f00000, 0x0000000082f00000, 0x0000000083000000|  0%| F|  |TAMS 0x0000000082f00000, 0x0000000082f00000| Untracked 
|  20|0x0000000083000000, 0x0000000083000000, 0x0000000083100000|  0%| F|  |TAMS 0x0000000083000000, 0x0000000083000000| Untracked 
|  21|0x0000000083100000, 0x0000000083100000, 0x0000000083200000|  0%| F|  |TAMS 0x0000000083100000, 0x0000000083100000| Untracked 
|  22|0x0000000083200000, 0x0000000083200000, 0x0000000083300000|  0%| F|  |TAMS 0x0000000083200000, 0x0000000083200000| Untracked 
|  23|0x0000000083300000, 0x0000000083300000, 0x0000000083400000|  0%| F|  |TAMS 0x0000000083300000, 0x0000000083300000| Untracked 
|  24|0x0000000083400000, 0x0000000083400000, 0x0000000083500000|  0%| F|  |TAMS 0x0000000083400000, 0x0000000083400000| Untracked 
|  25|0x0000000083500000, 0x0000000083500000, 0x0000000083600000|  0%| F|  |TAMS 0x0000000083500000, 0x0000000083500000| Untracked 
|  26|0x0000000083600000, 0x0000000083600000, 0x0000000083700000|  0%| F|  |TAMS 0x0000000083600000, 0x0000000083600000| Untracked 
|  27|0x0000000083700000, 0x0000000083700000, 0x0000000083800000|  0%| F|  |TAMS 0x0000000083700000, 0x0000000083700000| Untracked 
|  28|0x0000000083800000, 0x0000000083800000, 0x0000000083900000|  0%| F|  |TAMS 0x0000000083800000, 0x0000000083800000| Untracked 
|  29|0x0000000083900000, 0x0000000083900000, 0x0000000083a00000|  0%| F|  |TAMS 0x0000000083900000, 0x0000000083900000| Untracked 
|  30|0x0000000083a00000, 0x0000000083a00000, 0x0000000083b00000|  0%| F|  |TAMS 0x0000000083a00000, 0x0000000083a00000| Untracked 
|  31|0x0000000083b00000, 0x0000000083b00000, 0x0000000083c00000|  0%| F|  |TAMS 0x0000000083b00000, 0x0000000083b00000| Untracked 
|  32|0x0000000083c00000, 0x0000000083c00000, 0x0000000083d00000|  0%| F|  |TAMS 0x0000000083c00000, 0x0000000083c00000| Untracked 
|  33|0x0000000083d00000, 0x0000000083d00000, 0x0000000083e00000|  0%| F|  |TAMS 0x0000000083d00000, 0x0000000083d00000| Untracked 
|  34|0x0000000083e00000, 0x0000000083e00000, 0x0000000083f00000|  0%| F|  |TAMS 0x0000000083e00000, 0x0000000083e00000| Untracked 
|  35|0x0000000083f00000, 0x0000000083f00000, 0x0000000084000000|  0%| F|  |TAMS 0x0000000083f00000, 0x0000000083f00000| Untracked 
|  36|0x0000000084000000, 0x0000000084000000, 0x0000000084100000|  0%| F|  |TAMS 0x0000000084000000, 0x0000000084000000| Untracked 
|  37|0x0000000084100000, 0x0000000084100000, 0x0000000084200000|  0%| F|  |TAMS 0x0000000084100000, 0x0000000084100000| Untracked 
|  38|0x0000000084200000, 0x0000000084200000, 0x0000000084300000|  0%| F|  |TAMS 0x0000000084200000, 0x0000000084200000| Untracked 
|  39|0x0000000084300000, 0x0000000084300000, 0x0000000084400000|  0%| F|  |TAMS 0x0000000084300000, 0x0000000084300000| Untracked 
|  40|0x0000000084400000, 0x0000000084400000, 0x0000000084500000|  0%| F|  |TAMS 0x0000000084400000, 0x0000000084400000| Untracked 
|  41|0x0000000084500000, 0x0000000084500000, 0x0000000084600000|  0%| F|  |TAMS 0x0000000084500000, 0x0000000084500000| Untracked 
|  42|0x0000000084600000, 0x0000000084600000, 0x0000000084700000|  0%| F|  |TAMS 0x0000000084600000, 0x0000000084600000| Untracked 
|  43|0x0000000084700000, 0x0000000084700000, 0x0000000084800000|  0%| F|  |TAMS 0x0000000084700000, 0x0000000084700000| Untracked 
|  44|0x0000000084800000, 0x0000000084800000, 0x0000000084900000|  0%| F|  |TAMS 0x0000000084800000, 0x0000000084800000| Untracked 
|  45|0x0000000084900000, 0x0000000084900000, 0x0000000084a00000|  0%| F|  |TAMS 0x0000000084900000, 0x0000000084900000| Untracked 
|  46|0x0000000084a00000, 0x0000000084a00000, 0x0000000084b00000|  0%| F|  |TAMS 0x0000000084a00000, 0x0000000084a00000| Untracked 
|  47|0x0000000084b00000, 0x0000000084b00000, 0x0000000084c00000|  0%| F|  |TAMS 0x0000000084b00000, 0x0000000084b00000| Untracked 
|  48|0x0000000084c00000, 0x0000000084c00000, 0x0000000084d00000|  0%| F|  |TAMS 0x0000000084c00000, 0x0000000084c00000| Untracked 
|  49|0x0000000084d00000, 0x0000000084d00000, 0x0000000084e00000|  0%| F|  |TAMS 0x0000000084d00000, 0x0000000084d00000| Untracked 
|  50|0x0000000084e00000, 0x0000000084e00000, 0x0000000084f00000|  0%| F|  |TAMS 0x0000000084e00000, 0x0000000084e00000| Untracked 
|  51|0x0000000084f00000, 0x0000000084f00000, 0x0000000085000000|  0%| F|  |TAMS 0x0000000084f00000, 0x0000000084f00000| Untracked 
|  52|0x0000000085000000, 0x0000000085000000, 0x0000000085100000|  0%| F|  |TAMS 0x0000000085000000, 0x0000000085000000| Untracked 
|  53|0x0000000085100000, 0x0000000085100000, 0x0000000085200000|  0%| F|  |TAMS 0x0000000085100000, 0x0000000085100000| Untracked 
|  54|0x0000000085200000, 0x0000000085200000, 0x0000000085300000|  0%| F|  |TAMS 0x0000000085200000, 0x0000000085200000| Untracked 
|  55|0x0000000085300000, 0x0000000085300000, 0x0000000085400000|  0%| F|  |TAMS 0x0000000085300000, 0x0000000085300000| Untracked 
|  56|0x0000000085400000, 0x0000000085400000, 0x0000000085500000|  0%| F|  |TAMS 0x0000000085400000, 0x0000000085400000| Untracked 
|  57|0x0000000085500000, 0x0000000085500000, 0x0000000085600000|  0%| F|  |TAMS 0x0000000085500000, 0x0000000085500000| Untracked 
|  58|0x0000000085600000, 0x0000000085600000, 0x0000000085700000|  0%| F|  |TAMS 0x0000000085600000, 0x0000000085600000| Untracked 
|  59|0x0000000085700000, 0x0000000085700000, 0x0000000085800000|  0%| F|  |TAMS 0x0000000085700000, 0x0000000085700000| Untracked 
|  60|0x0000000085800000, 0x0000000085800000, 0x0000000085900000|  0%| F|  |TAMS 0x0000000085800000, 0x0000000085800000| Untracked 
|  61|0x0000000085900000, 0x0000000085900000, 0x0000000085a00000|  0%| F|  |TAMS 0x0000000085900000, 0x0000000085900000| Untracked 
|  62|0x0000000085a00000, 0x0000000085a00000, 0x0000000085b00000|  0%| F|  |TAMS 0x0000000085a00000, 0x0000000085a00000| Untracked 
|  63|0x0000000085b00000, 0x0000000085b00000, 0x0000000085c00000|  0%| F|  |TAMS 0x0000000085b00000, 0x0000000085b00000| Untracked 
|  64|0x0000000085c00000, 0x0000000085c00000, 0x0000000085d00000|  0%| F|  |TAMS 0x0000000085c00000, 0x0000000085c00000| Untracked 
|  65|0x0000000085d00000, 0x0000000085d00000, 0x0000000085e00000|  0%| F|  |TAMS 0x0000000085d00000, 0x0000000085d00000| Untracked 
|  66|0x0000000085e00000, 0x0000000085e00000, 0x0000000085f00000|  0%| F|  |TAMS 0x0000000085e00000, 0x0000000085e00000| Untracked 
|  67|0x0000000085f00000, 0x0000000085f00000, 0x0000000086000000|  0%| F|  |TAMS 0x0000000085f00000, 0x0000000085f00000| Untracked 
|  68|0x0000000086000000, 0x0000000086000000, 0x0000000086100000|  0%| F|  |TAMS 0x0000000086000000, 0x0000000086000000| Untracked 
|  69|0x0000000086100000, 0x0000000086100000, 0x0000000086200000|  0%| F|  |TAMS 0x0000000086100000, 0x0000000086100000| Untracked 
|  70|0x0000000086200000, 0x0000000086200000, 0x0000000086300000|  0%| F|  |TAMS 0x0000000086200000, 0x0000000086200000| Untracked 
|  71|0x0000000086300000, 0x0000000086300000, 0x0000000086400000|  0%| F|  |TAMS 0x0000000086300000, 0x0000000086300000| Untracked 
|  72|0x0000000086400000, 0x0000000086400000, 0x0000000086500000|  0%| F|  |TAMS 0x0000000086400000, 0x0000000086400000| Untracked 
|  73|0x0000000086500000, 0x0000000086500000, 0x0000000086600000|  0%| F|  |TAMS 0x0000000086500000, 0x0000000086500000| Untracked 
|  74|0x0000000086600000, 0x0000000086600000, 0x0000000086700000|  0%| F|  |TAMS 0x0000000086600000, 0x0000000086600000| Untracked 
|  75|0x0000000086700000, 0x0000000086700000, 0x0000000086800000|  0%| F|  |TAMS 0x0000000086700000, 0x0000000086700000| Untracked 
|  76|0x0000000086800000, 0x0000000086800000, 0x0000000086900000|  0%| F|  |TAMS 0x0000000086800000, 0x0000000086800000| Untracked 
|  77|0x0000000086900000, 0x0000000086900000, 0x0000000086a00000|  0%| F|  |TAMS 0x0000000086900000, 0x0000000086900000| Untracked 
|  78|0x0000000086a00000, 0x0000000086a00000, 0x0000000086b00000|  0%| F|  |TAMS 0x0000000086a00000, 0x0000000086a00000| Untracked 
|  79|0x0000000086b00000, 0x0000000086b00000, 0x0000000086c00000|  0%| F|  |TAMS 0x0000000086b00000, 0x0000000086b00000| Untracked 
|  80|0x0000000086c00000, 0x0000000086c00000, 0x0000000086d00000|  0%| F|  |TAMS 0x0000000086c00000, 0x0000000086c00000| Untracked 
|  81|0x0000000086d00000, 0x0000000086d00000, 0x0000000086e00000|  0%| F|  |TAMS 0x0000000086d00000, 0x0000000086d00000| Untracked 
|  82|0x0000000086e00000, 0x0000000086e00000, 0x0000000086f00000|  0%| F|  |TAMS 0x0000000086e00000, 0x0000000086e00000| Untracked 
|  83|0x0000000086f00000, 0x0000000086f00000, 0x0000000087000000|  0%| F|  |TAMS 0x0000000086f00000, 0x0000000086f00000| Untracked 
|  84|0x0000000087000000, 0x0000000087000000, 0x0000000087100000|  0%| F|  |TAMS 0x0000000087000000, 0x0000000087000000| Untracked 
|  85|0x0000000087100000, 0x0000000087100000, 0x0000000087200000|  0%| F|  |TAMS 0x0000000087100000, 0x0000000087100000| Untracked 
|  86|0x0000000087200000, 0x0000000087200000, 0x0000000087300000|  0%| F|  |TAMS 0x0000000087200000, 0x0000000087200000| Untracked 
|  87|0x0000000087300000, 0x0000000087300000, 0x0000000087400000|  0%| F|  |TAMS 0x0000000087300000, 0x0000000087300000| Untracked 
|  88|0x0000000087400000, 0x0000000087400000, 0x0000000087500000|  0%| F|  |TAMS 0x0000000087400000, 0x0000000087400000| Untracked 
|  89|0x0000000087500000, 0x0000000087500000, 0x0000000087600000|  0%| F|  |TAMS 0x0000000087500000, 0x0000000087500000| Untracked 
|  90|0x0000000087600000, 0x0000000087600000, 0x0000000087700000|  0%| F|  |TAMS 0x0000000087600000, 0x0000000087600000| Untracked 
|  91|0x0000000087700000, 0x0000000087700000, 0x0000000087800000|  0%| F|  |TAMS 0x0000000087700000, 0x0000000087700000| Untracked 
|  92|0x0000000087800000, 0x0000000087800000, 0x0000000087900000|  0%| F|  |TAMS 0x0000000087800000, 0x0000000087800000| Untracked 
|  93|0x0000000087900000, 0x0000000087900000, 0x0000000087a00000|  0%| F|  |TAMS 0x0000000087900000, 0x0000000087900000| Untracked 
|  94|0x0000000087a00000, 0x0000000087a00000, 0x0000000087b00000|  0%| F|  |TAMS 0x0000000087a00000, 0x0000000087a00000| Untracked 
|  95|0x0000000087b00000, 0x0000000087b00000, 0x0000000087c00000|  0%| F|  |TAMS 0x0000000087b00000, 0x0000000087b00000| Untracked 
|  96|0x0000000087c00000, 0x0000000087c00000, 0x0000000087d00000|  0%| F|  |TAMS 0x0000000087c00000, 0x0000000087c00000| Untracked 
|  97|0x0000000087d00000, 0x0000000087d00000, 0x0000000087e00000|  0%| F|  |TAMS 0x0000000087d00000, 0x0000000087d00000| Untracked 
|  98|0x0000000087e00000, 0x0000000087e00000, 0x0000000087f00000|  0%| F|  |TAMS 0x0000000087e00000, 0x0000000087e00000| Untracked 
|  99|0x0000000087f00000, 0x0000000087f00000, 0x0000000088000000|  0%| F|  |TAMS 0x0000000087f00000, 0x0000000087f00000| Untracked 
| 100|0x0000000088000000, 0x0000000088000000, 0x0000000088100000|  0%| F|  |TAMS 0x0000000088000000, 0x0000000088000000| Untracked 
| 101|0x0000000088100000, 0x0000000088100000, 0x0000000088200000|  0%| F|  |TAMS 0x0000000088100000, 0x0000000088100000| Untracked 
| 102|0x0000000088200000, 0x00000000882d0000, 0x0000000088300000| 81%| S|CS|TAMS 0x0000000088200000, 0x0000000088200000| Complete 
| 103|0x0000000088300000, 0x0000000088400000, 0x0000000088400000|100%| S|CS|TAMS 0x0000000088300000, 0x0000000088300000| Complete 
| 104|0x0000000088400000, 0x0000000088500000, 0x0000000088500000|100%| S|CS|TAMS 0x0000000088400000, 0x0000000088400000| Complete 
| 105|0x0000000088500000, 0x0000000088500000, 0x0000000088600000|  0%| F|  |TAMS 0x0000000088500000, 0x0000000088500000| Untracked 
| 106|0x0000000088600000, 0x0000000088600000, 0x0000000088700000|  0%| F|  |TAMS 0x0000000088600000, 0x0000000088600000| Untracked 
| 107|0x0000000088700000, 0x0000000088700000, 0x0000000088800000|  0%| F|  |TAMS 0x0000000088700000, 0x0000000088700000| Untracked 
| 108|0x0000000088800000, 0x0000000088800000, 0x0000000088900000|  0%| F|  |TAMS 0x0000000088800000, 0x0000000088800000| Untracked 
| 109|0x0000000088900000, 0x0000000088900000, 0x0000000088a00000|  0%| F|  |TAMS 0x0000000088900000, 0x0000000088900000| Untracked 
| 110|0x0000000088a00000, 0x0000000088a00000, 0x0000000088b00000|  0%| F|  |TAMS 0x0000000088a00000, 0x0000000088a00000| Untracked 
| 111|0x0000000088b00000, 0x0000000088b00000, 0x0000000088c00000|  0%| F|  |TAMS 0x0000000088b00000, 0x0000000088b00000| Untracked 
| 112|0x0000000088c00000, 0x0000000088c00000, 0x0000000088d00000|  0%| F|  |TAMS 0x0000000088c00000, 0x0000000088c00000| Untracked 
| 113|0x0000000088d00000, 0x0000000088d00000, 0x0000000088e00000|  0%| F|  |TAMS 0x0000000088d00000, 0x0000000088d00000| Untracked 
| 114|0x0000000088e00000, 0x0000000088e00000, 0x0000000088f00000|  0%| F|  |TAMS 0x0000000088e00000, 0x0000000088e00000| Untracked 
| 115|0x0000000088f00000, 0x0000000088f00000, 0x0000000089000000|  0%| F|  |TAMS 0x0000000088f00000, 0x0000000088f00000| Untracked 
| 116|0x0000000089000000, 0x0000000089000000, 0x0000000089100000|  0%| F|  |TAMS 0x0000000089000000, 0x0000000089000000| Untracked 
| 117|0x0000000089100000, 0x0000000089100000, 0x0000000089200000|  0%| F|  |TAMS 0x0000000089100000, 0x0000000089100000| Untracked 
| 118|0x0000000089200000, 0x0000000089200000, 0x0000000089300000|  0%| F|  |TAMS 0x0000000089200000, 0x0000000089200000| Untracked 
| 119|0x0000000089300000, 0x0000000089300000, 0x0000000089400000|  0%| F|  |TAMS 0x0000000089300000, 0x0000000089300000| Untracked 
| 120|0x0000000089400000, 0x0000000089400000, 0x0000000089500000|  0%| F|  |TAMS 0x0000000089400000, 0x0000000089400000| Untracked 
| 121|0x0000000089500000, 0x0000000089500000, 0x0000000089600000|  0%| F|  |TAMS 0x0000000089500000, 0x0000000089500000| Untracked 
| 122|0x0000000089600000, 0x0000000089600000, 0x0000000089700000|  0%| F|  |TAMS 0x0000000089600000, 0x0000000089600000| Untracked 
| 123|0x0000000089700000, 0x0000000089757a98, 0x0000000089800000| 34%| E|  |TAMS 0x0000000089700000, 0x0000000089700000| Complete 
| 124|0x0000000089800000, 0x0000000089900000, 0x0000000089900000|100%| E|CS|TAMS 0x0000000089800000, 0x0000000089800000| Complete 
| 125|0x0000000089900000, 0x0000000089a00000, 0x0000000089a00000|100%| E|CS|TAMS 0x0000000089900000, 0x0000000089900000| Complete 
| 126|0x0000000089a00000, 0x0000000089b00000, 0x0000000089b00000|100%| E|CS|TAMS 0x0000000089a00000, 0x0000000089a00000| Complete 
| 127|0x0000000089b00000, 0x0000000089c00000, 0x0000000089c00000|100%| E|CS|TAMS 0x0000000089b00000, 0x0000000089b00000| Complete 

Card table byte_map: [0x0000022724d80000,0x0000022725180000] _byte_map_base: 0x0000022724972000

Marking Bits (Prev, Next): (CMBitMap*) 0x000002270d74ae70, (CMBitMap*) 0x000002270d74aeb0
 Prev Bits: [0x0000022725580000, 0x0000022727510000)
 Next Bits: [0x0000022727510000, 0x00000227294a0000)

Polling page: 0x000002270b5e0000

Metaspace:

Usage:
  Non-class:      9.19 MB used.
      Class:    979.88 KB used.
       Both:     10.15 MB used.

Virtual space:
  Non-class space:       64.00 MB reserved,       9.31 MB ( 15%) committed,  1 nodes.
      Class space:        1.00 GB reserved,       1.06 MB ( <1%) committed,  1 nodes.
             Both:        1.06 GB reserved,      10.38 MB ( <1%) committed. 

Chunk freelists:
   Non-Class:  2.31 MB
       Class:  2.75 MB
        Both:  5.06 MB

MaxMetaspaceSize: unlimited
CompressedClassSpaceSize: 1.00 GB
Initial GC threshold: 21.00 MB
Current GC threshold: 21.00 MB
CDS: on
MetaspaceReclaimPolicy: balanced
 - commit_granule_bytes: 65536.
 - commit_granule_words: 8192.
 - virtual_space_node_default_size: 8388608.
 - enlarge_chunks_in_place: 1.
 - new_chunks_are_fully_committed: 0.
 - uncommit_free_chunks: 1.
 - use_allocation_guard: 0.


Internal statistics:

num_allocs_failed_limit: 0.
num_arena_births: 180.
num_arena_deaths: 0.
num_vsnodes_births: 2.
num_vsnodes_deaths: 0.
num_space_committed: 164.
num_space_uncommitted: 0.
num_chunks_returned_to_freelist: 0.
num_chunks_taken_from_freelist: 276.
num_chunk_merges: 0.
num_chunk_splits: 194.
num_chunks_enlarged: 137.
num_inconsistent_stats: 0.

CodeHeap 'non-profiled nmethods': size=120000Kb used=347Kb max_used=347Kb free=119652Kb
 bounds [0x000002271d120000, 0x000002271d390000, 0x0000022724650000]
CodeHeap 'profiled nmethods': size=120000Kb used=1709Kb max_used=1709Kb free=118290Kb
 bounds [0x0000022715650000, 0x00000227158c0000, 0x000002271cb80000]
CodeHeap 'non-nmethods': size=5760Kb used=1517Kb max_used=1548Kb free=4242Kb
 bounds [0x000002271cb80000, 0x000002271cdf0000, 0x000002271d120000]
 total_blobs=1882 nmethods=1069 adapters=724
 compilation: enabled
              stopped_count=0, restarted_count=0
 full_count=0

Compilation events (20 events):
Event: 0.822 Thread 0x000002272bebc7f0 1061   !   4       java.nio.DirectByteBuffer::put (36 bytes)
Event: 0.823 Thread 0x000002272bebc7f0 nmethod 1061 0x000002271d173410 code [0x000002271d1735a0, 0x000002271d173678]
Event: 0.823 Thread 0x000002272bebc7f0 1062       4       java.awt.image.BufferedImage::getWidth (8 bytes)
Event: 0.824 Thread 0x000002272bebc7f0 nmethod 1062 0x000002271d173790 code [0x000002271d173920, 0x000002271d1739b8]
Event: 0.824 Thread 0x000002272bed3420 nmethod 1052% 0x000002271d173a90 code [0x000002271d173ca0, 0x000002271d1748e0]
Event: 0.828 Thread 0x000002272bed2e90 1063 % !   3       Texture.TextureReader::readPixels @ 92 (218 bytes)
Event: 0.829 Thread 0x000002272bed2e90 nmethod 1063% 0x00000227157ef310 code [0x00000227157ef640, 0x00000227157f0b78]
Event: 0.829 Thread 0x000002272bed2e90 1064   !   3       Texture.TextureReader::readPixels (218 bytes)
Event: 0.830 Thread 0x000002272bed2e90 nmethod 1064 0x00000227157f1390 code [0x00000227157f16c0, 0x00000227157f2be8]
Event: 0.830 Thread 0x000002272bed3420 1065 % !   4       Texture.TextureReader::readPixels @ 92 (218 bytes)
Event: 0.838 Thread 0x000002272bebc7f0 1066       4       java.lang.Math::min (11 bytes)
Event: 0.839 Thread 0x000002272bebc7f0 nmethod 1066 0x000002271d175310 code [0x000002271d175480, 0x000002271d1754d8]
Event: 0.841 Thread 0x000002272bebc7f0 1067       4       java.nio.MappedByteBuffer::position (6 bytes)
Event: 0.842 Thread 0x000002272bebc7f0 nmethod 1067 0x000002271d175610 code [0x000002271d1757a0, 0x000002271d175898]
Event: 0.842 Thread 0x000002272bebc7f0 1068   !   4       java.nio.DirectByteBuffer::get (33 bytes)
Event: 0.842 Thread 0x000002272bebc7f0 nmethod 1068 0x000002271d175a10 code [0x000002271d175ba0, 0x000002271d175c78]
Event: 0.843 Thread 0x000002272bed3420 nmethod 1065% 0x000002271d175d90 code [0x000002271d175f40, 0x000002271d176b38]
Event: 0.844 Thread 0x000002272bed2e90 1069 %     3       com.sun.opengl.impl.mipmap.ScaleInternal::scale_internal_ubyte @ 602 (1604 bytes)
Event: 0.848 Thread 0x000002272bed2e90 nmethod 1069% 0x00000227157f3410 code [0x00000227157f3a60, 0x00000227157f9288]
Event: 0.848 Thread 0x000002272bebc7f0 1070 %     4       com.sun.opengl.impl.mipmap.ScaleInternal::scale_internal_ubyte @ 456 (1604 bytes)

GC Heap History (2 events):
Event: 0.813 GC heap before
{Heap before GC invocations=0 (full 0):
 garbage-first heap   total 131072K, used 26624K [0x0000000081c00000, 0x0000000100000000)
  region size 1024K, 23 young (23552K), 0 survivors (0K)
 Metaspace       used 10349K, committed 10560K, reserved 1114112K
  class space    used 979K, committed 1088K, reserved 1048576K
}
Event: 0.817 GC heap after
{Heap after GC invocations=1 (full 0):
 garbage-first heap   total 131072K, used 6976K [0x0000000081c00000, 0x0000000100000000)
  region size 1024K, 3 young (3072K), 3 survivors (3072K)
 Metaspace       used 10349K, committed 10560K, reserved 1114112K
  class space    used 979K, committed 1088K, reserved 1048576K
}

Dll operation events (18 events):
Event: 0.006 Loaded shared library C:\Users\0.R.G\.jdks\openjdk-19.0.1\bin\java.dll
Event: 0.013 Loaded shared library C:\Users\0.R.G\.jdks\openjdk-19.0.1\bin\jsvml.dll
Event: 0.066 Loaded shared library C:\Users\0.R.G\.jdks\openjdk-19.0.1\bin\zip.dll
Event: 0.069 Loaded shared library C:\Users\0.R.G\.jdks\openjdk-19.0.1\bin\instrument.dll
Event: 0.074 Loaded shared library C:\Users\0.R.G\.jdks\openjdk-19.0.1\bin\net.dll
Event: 0.077 Loaded shared library C:\Users\0.R.G\.jdks\openjdk-19.0.1\bin\nio.dll
Event: 0.079 Loaded shared library C:\Users\0.R.G\.jdks\openjdk-19.0.1\bin\zip.dll
Event: 0.090 Loaded shared library C:\Program Files\JetBrains\IntelliJ IDEA Community Edition 2022.2.3\bin\breakgen64.dll
Event: 0.108 Loaded shared library C:\Users\0.R.G\.jdks\openjdk-19.0.1\bin\extnet.dll
Event: 0.110 Loaded shared library C:\Users\0.R.G\.jdks\openjdk-19.0.1\bin\jimage.dll
Event: 0.125 Loaded shared library C:\Users\0.R.G\.jdks\openjdk-19.0.1\bin\awt.dll
Event: 0.260 Loaded shared library C:\Users\0.R.G\.jdks\openjdk-19.0.1\bin\verify.dll
Event: 0.279 Loaded shared library E:\New folder (3)\JOGLwin\lib64\jogl.dll
Event: 0.357 Loaded shared library C:\Users\0.R.G\.jdks\openjdk-19.0.1\bin\freetype.dll
Event: 0.358 Loaded shared library C:\Users\0.R.G\.jdks\openjdk-19.0.1\bin\fontmanager.dll
Event: 0.430 Loaded shared library C:\Users\0.R.G\.jdks\openjdk-19.0.1\bin\jawt.dll
Event: 0.431 Loaded shared library E:\New folder (3)\JOGLwin\lib64\jogl_awt.dll
Event: 0.783 Loaded shared library C:\Users\0.R.G\.jdks\openjdk-19.0.1\bin\javajpeg.dll

Deoptimization events (20 events):
Event: 0.260 Thread 0x000002270d6eb3e0 Uncommon trap: trap_request=0xffffff45 fr.pc=0x000002271d149850 relative=0x0000000000000510
Event: 0.260 Thread 0x000002270d6eb3e0 Uncommon trap: reason=unstable_if action=reinterpret pc=0x000002271d149850 method=java.lang.StringLatin1.replace([BCC)Ljava/lang/String; @ 19 c2
Event: 0.260 Thread 0x000002270d6eb3e0 DEOPT PACKING pc=0x000002271d149850 sp=0x0000006de19fcd70
Event: 0.260 Thread 0x000002270d6eb3e0 DEOPT UNPACKING pc=0x000002271cbe6da3 sp=0x0000006de19fccf0 mode 2
Event: 0.273 Thread 0x000002270d6eb3e0 DEOPT PACKING pc=0x0000022715674867 sp=0x0000006de19fafe0
Event: 0.273 Thread 0x000002270d6eb3e0 DEOPT UNPACKING pc=0x000002271cbe7543 sp=0x0000006de19fa400 mode 0
Event: 0.284 Thread 0x000002270d6eb3e0 DEOPT PACKING pc=0x000002271565bcd1 sp=0x0000006de19fe250
Event: 0.284 Thread 0x000002270d6eb3e0 DEOPT UNPACKING pc=0x000002271cbe7543 sp=0x0000006de19fd6c8 mode 0
Event: 0.671 Thread 0x0000022730f9c640 Uncommon trap: trap_request=0xffffff45 fr.pc=0x000002271d157fac relative=0x00000000000008ac
Event: 0.671 Thread 0x0000022730f9c640 Uncommon trap: reason=unstable_if action=reinterpret pc=0x000002271d157fac method=java.util.HashMap.putVal(ILjava/lang/Object;Ljava/lang/Object;ZZ)Ljava/lang/Object; @ 181 c2
Event: 0.671 Thread 0x0000022730f9c640 DEOPT PACKING pc=0x000002271d157fac sp=0x0000006de31fdba0
Event: 0.671 Thread 0x0000022730f9c640 DEOPT UNPACKING pc=0x000002271cbe6da3 sp=0x0000006de31fdac8 mode 2
Event: 0.686 Thread 0x0000022730f9c640 Uncommon trap: trap_request=0xffffffc6 fr.pc=0x000002271d15d92c relative=0x00000000000009ac
Event: 0.686 Thread 0x0000022730f9c640 Uncommon trap: reason=bimorphic_or_optimized_type_check action=maybe_recompile pc=0x000002271d15d92c method=java.util.concurrent.ConcurrentHashMap.get(Ljava/lang/Object;)Ljava/lang/Object; @ 149 c2
Event: 0.686 Thread 0x0000022730f9c640 DEOPT PACKING pc=0x000002271d15d92c sp=0x0000006de31fd650
Event: 0.686 Thread 0x0000022730f9c640 DEOPT UNPACKING pc=0x000002271cbe6da3 sp=0x0000006de31fd5f0 mode 2
Event: 0.838 Thread 0x0000022730f9c640 Uncommon trap: trap_request=0xffffff45 fr.pc=0x000002271d15e790 relative=0x00000000000000f0
Event: 0.838 Thread 0x0000022730f9c640 Uncommon trap: reason=unstable_if action=reinterpret pc=0x000002271d15e790 method=java.lang.ref.SoftReference.get()Ljava/lang/Object; @ 17 c2
Event: 0.838 Thread 0x0000022730f9c640 DEOPT PACKING pc=0x000002271d15e790 sp=0x0000006de31fd9b0
Event: 0.838 Thread 0x0000022730f9c640 DEOPT UNPACKING pc=0x000002271cbe6da3 sp=0x0000006de31fd968 mode 2

Classes loaded (20 events):
Event: 0.781 Loading class com/sun/imageio/plugins/jpeg/JPEGImageReader
Event: 0.782 Loading class com/sun/imageio/plugins/jpeg/JPEGImageReader done
Event: 0.782 Loading class com/sun/imageio/plugins/jpeg/JPEGImageReader$1
Event: 0.782 Loading class com/sun/imageio/plugins/jpeg/JPEGImageReader$1 done
Event: 0.783 Loading class javax/imageio/plugins/jpeg/JPEGQTable
Event: 0.783 Loading class javax/imageio/plugins/jpeg/JPEGQTable done
Event: 0.783 Loading class javax/imageio/plugins/jpeg/JPEGHuffmanTable
Event: 0.783 Loading class javax/imageio/plugins/jpeg/JPEGHuffmanTable done
Event: 0.783 Loading class com/sun/imageio/plugins/jpeg/JPEGImageReader$CallBackLock
Event: 0.783 Loading class com/sun/imageio/plugins/jpeg/JPEGImageReader$CallBackLock done
Event: 0.783 Loading class com/sun/imageio/plugins/jpeg/JPEGImageReader$CallBackLock$State
Event: 0.783 Loading class com/sun/imageio/plugins/jpeg/JPEGImageReader$CallBackLock$State done
Event: 0.783 Loading class com/sun/imageio/plugins/jpeg/JPEGImageReader$JPEGReaderDisposerRecord
Event: 0.783 Loading class com/sun/imageio/plugins/jpeg/JPEGImageReader$JPEGReaderDisposerRecord done
Event: 0.783 Loading class javax/imageio/plugins/jpeg/JPEGImageReadParam
Event: 0.783 Loading class javax/imageio/plugins/jpeg/JPEGImageReadParam done
Event: 0.784 Loading class com/sun/imageio/plugins/jpeg/ImageTypeProducer
Event: 0.784 Loading class com/sun/imageio/plugins/jpeg/ImageTypeProducer done
Event: 0.784 Loading class com/sun/imageio/plugins/jpeg/ImageTypeIterator
Event: 0.784 Loading class com/sun/imageio/plugins/jpeg/ImageTypeIterator done

Classes unloaded (0 events):
No events

Classes redefined (0 events):
No events

Internal exceptions (20 events):
Event: 0.087 Thread 0x000002270d6eb3e0 Exception <a 'java/lang/NoSuchMethodError'{0x000000008995b900}: 'java.lang.Object java.lang.invoke.Invokers$Holder.invokeExact_MT(java.lang.Object, java.lang.Object, java.lang.Object, java.lang.Object, java.lang.Object)'> (0x000000008995b900) 
thrown [s\open\src\hotspot\share\interpreter\linkResolver.cpp, line 774]
Event: 0.110 Thread 0x0000022730266ae0 Exception <a 'java/lang/NoSuchMethodError'{0x000000008997da60}: 'void java.lang.invoke.DirectMethodHandle$Holder.invokeStatic(java.lang.Object, java.lang.Object)'> (0x000000008997da60) 
thrown [s\open\src\hotspot\share\interpreter\linkResolver.cpp, line 774]
Event: 0.118 Thread 0x000002270d6eb3e0 Exception <a 'java/lang/ClassNotFoundException'{0x00000000898042b0}: sun/awt/resources/spi/awtProvider> (0x00000000898042b0) 
thrown [s\open\src\hotspot\share\classfile\systemDictionary.cpp, line 255]
Event: 0.133 Thread 0x000002270d6eb3e0 Exception <a 'java/io/FileNotFoundException'{0x00000000898593e8}> (0x00000000898593e8) 
thrown [s\open\src\hotspot\share\prims\jni.cpp, line 517]
Event: 0.138 Thread 0x000002270d6eb3e0 Exception <a 'java/io/FileNotFoundException'{0x0000000089885980}> (0x0000000089885980) 
thrown [s\open\src\hotspot\share\prims\jni.cpp, line 517]
Event: 0.169 Thread 0x000002270d6eb3e0 Exception <a 'java/lang/NoSuchMethodError'{0x00000000898c9280}: 'java.lang.Object java.lang.invoke.DirectMethodHandle$Holder.invokeStaticInit(java.lang.Object)'> (0x00000000898c9280) 
thrown [s\open\src\hotspot\share\interpreter\linkResolver.cpp, line 774]
Event: 0.204 Thread 0x000002270d6eb3e0 Exception <a 'java/lang/NoSuchMethodError'{0x000000008961e9f8}: 'void java.lang.invoke.DirectMethodHandle$Holder.invokeSpecial(java.lang.Object, java.lang.Object, java.lang.Object)'> (0x000000008961e9f8) 
thrown [s\open\src\hotspot\share\interpreter\linkResolver.cpp, line 774]
Event: 0.211 Thread 0x000002270d6eb3e0 Exception <a 'java/lang/NoSuchMethodError'{0x00000000896492d0}: 'java.lang.Object java.lang.invoke.DirectMethodHandle$Holder.newInvokeSpecial(java.lang.Object, java.lang.Object, java.lang.Object, java.lang.Object, java.lang.Object)'> (0x00000000896492d0) 
thrown [s\open\src\hotspot\share\interpreter\linkResolver.cpp, line 774]
Event: 0.217 Thread 0x000002270d6eb3e0 Exception <a 'java/lang/NoSuchMethodError'{0x000000008967aa10}: 'java.lang.Object java.lang.invoke.DirectMethodHandle$Holder.invokeStatic(java.lang.Object, int, java.lang.Object)'> (0x000000008967aa10) 
thrown [s\open\src\hotspot\share\interpreter\linkResolver.cpp, line 774]
Event: 0.241 Thread 0x000002270d6eb3e0 Exception <a 'java/lang/ClassNotFoundException'{0x0000000089536808}: com/sun/swing/internal/plaf/metal/resources/spi/metalProvider> (0x0000000089536808) 
thrown [s\open\src\hotspot\share\classfile\systemDictionary.cpp, line 255]
Event: 0.242 Thread 0x000002270d6eb3e0 Exception <a 'java/lang/ClassNotFoundException'{0x000000008953a7d8}: com/sun/swing/internal/plaf/basic/resources/spi/basicProvider> (0x000000008953a7d8) 
thrown [s\open\src\hotspot\share\classfile\systemDictionary.cpp, line 255]
Event: 0.248 Thread 0x000002270d6eb3e0 Exception <a 'java/lang/NoSuchMethodError'{0x0000000089557180}: 'int java.lang.invoke.Invokers$Holder.invokeExact_MT(java.lang.Object, java.lang.Object)'> (0x0000000089557180) 
thrown [s\open\src\hotspot\share\interpreter\linkResolver.cpp, line 774]
Event: 0.354 Thread 0x000002270d6eb3e0 Exception <a 'java/lang/NoSuchMethodError'{0x0000000089214008}: 'void java.lang.invoke.DirectMethodHandle$Holder.invokeStaticInit(java.lang.Object)'> (0x0000000089214008) 
thrown [s\open\src\hotspot\share\interpreter\linkResolver.cpp, line 774]
Event: 0.387 Thread 0x000002270d6eb3e0 Exception <a 'java/lang/NoSuchMethodError'{0x00000000892775b0}: 'java.lang.Object java.lang.invoke.DirectMethodHandle$Holder.invokeInterface(java.lang.Object, java.lang.Object)'> (0x00000000892775b0) 
thrown [s\open\src\hotspot\share\interpreter\linkResolver.cpp, line 774]
Event: 0.388 Thread 0x000002270d6eb3e0 Exception <a 'java/lang/IncompatibleClassChangeError'{0x000000008927adb0}: Found class java.lang.Object, but interface was expected> (0x000000008927adb0) 
thrown [s\open\src\hotspot\share\interpreter\linkResolver.cpp, line 841]
Event: 0.416 Thread 0x000002273044ac10 Exception <a 'java/lang/NoSuchMethodError'{0x0000000089786040}: 'void java.lang.invoke.DirectMethodHandle$Holder.invokeVirtual(java.lang.Object, java.lang.Object)'> (0x0000000089786040) 
thrown [s\open\src\hotspot\share\interpreter\linkResolver.cpp, line 774]
Event: 0.585 Thread 0x0000022730f9c640 Exception <a 'java/lang/NoSuchMethodError'{0x000000008919fc00}: 'long java.lang.invoke.DelegatingMethodHandle$Holder.reinvoke_L(java.lang.Object, java.lang.Object)'> (0x000000008919fc00) 
thrown [s\open\src\hotspot\share\interpreter\linkResolver.cpp, line 774]
Event: 0.586 Thread 0x0000022730f9c640 Exception <a 'java/lang/NoSuchMethodError'{0x00000000891aa260}: 'void java.lang.invoke.DelegatingMethodHandle$Holder.reinvoke_L(java.lang.Object, java.lang.Object, long)'> (0x00000000891aa260) 
thrown [s\open\src\hotspot\share\interpreter\linkResolver.cpp, line 774]
Event: 0.680 Thread 0x0000022730f9c640 Exception <a 'java/lang/NoSuchMethodError'{0x0000000088fe2238}: 'java.lang.Object java.lang.invoke.DirectMethodHandle$Holder.invokeStaticInit(java.lang.Object, int, int, int, int)'> (0x0000000088fe2238) 
thrown [s\open\src\hotspot\share\interpreter\linkResolver.cpp, line 774]
Event: 0.734 Thread 0x0000022730f9c640 Exception <a 'java/lang/NoSuchMethodError'{0x0000000088e2e2a0}: 'java.lang.Object java.lang.invoke.DirectMethodHandle$Holder.invokeStaticInit(java.lang.Object, java.lang.Object, int, int, int, int)'> (0x0000000088e2e2a0) 
thrown [s\open\src\hotspot\share\interpreter\linkResolver.cpp, line 774]

VM Operations (10 events):
Event: 0.051 Executing VM operation: HandshakeAllThreads
Event: 0.051 Executing VM operation: HandshakeAllThreads done
Event: 0.094 Executing VM operation: HandshakeAllThreads
Event: 0.103 Executing VM operation: HandshakeAllThreads done
Event: 0.144 Executing VM operation: HandshakeAllThreads
Event: 0.145 Executing VM operation: HandshakeAllThreads done
Event: 0.263 Executing VM operation: HandshakeAllThreads
Event: 0.264 Executing VM operation: HandshakeAllThreads done
Event: 0.813 Executing VM operation: G1CollectForAllocation
Event: 0.817 Executing VM operation: G1CollectForAllocation done

Events (20 events):
Event: 0.024 Thread 0x000002272beb4950 Thread added: 0x000002272beb4950
Event: 0.024 Thread 0x000002272beb5740 Thread added: 0x000002272beb5740
Event: 0.025 Thread 0x000002272beba7e0 Thread added: 0x000002272beba7e0
Event: 0.025 Thread 0x000002272bebd520 Thread added: 0x000002272bebd520
Event: 0.025 Thread 0x000002272bebde50 Thread added: 0x000002272bebde50
Event: 0.025 Thread 0x000002272bebe8c0 Thread added: 0x000002272bebe8c0
Event: 0.025 Thread 0x000002272bebc7f0 Thread added: 0x000002272bebc7f0
Event: 0.025 Thread 0x000002272bed2e90 Thread added: 0x000002272bed2e90
Event: 0.025 Thread 0x000002272beda260 Thread added: 0x000002272beda260
Event: 0.044 Thread 0x000002272be84f10 Thread added: 0x000002272be84f10
Event: 0.090 Thread 0x0000022730266ae0 Thread added: 0x0000022730266ae0
Event: 0.091 Thread 0x0000022730309ae0 Thread added: 0x0000022730309ae0
Event: 0.170 Thread 0x0000022730443300 Thread added: 0x0000022730443300
Event: 0.171 Thread 0x0000022730446780 Thread added: 0x0000022730446780
Event: 0.172 Thread 0x000002273044ac10 Thread added: 0x000002273044ac10
Event: 0.331 Thread 0x0000022731489010 Thread added: 0x0000022731489010
Event: 0.333 Thread 0x0000022730f9c640 Thread added: 0x0000022730f9c640
Event: 0.425 Thread 0x000002270d6eb3e0 Thread exited: 0x000002270d6eb3e0
Event: 0.425 Thread 0x000002270d6eb3e0 Thread added: 0x000002270d6eb3e0
Event: 0.636 Thread 0x000002272bed3420 Thread added: 0x000002272bed3420


Dynamic libraries:
0x00007ff71cc10000 - 0x00007ff71cc1e000 	C:\Users\0.R.G\.jdks\openjdk-19.0.1\bin\java.exe
0x00007ffe62750000 - 0x00007ffe62948000 	C:\WINDOWS\SYSTEM32\ntdll.dll
0x00007ffe61ef0000 - 0x00007ffe61faf000 	C:\WINDOWS\System32\KERNEL32.DLL
0x00007ffe60120000 - 0x00007ffe603f2000 	C:\WINDOWS\System32\KERNELBASE.dll
0x00007ffe604a0000 - 0x00007ffe605a0000 	C:\WINDOWS\System32\ucrtbase.dll
0x00007ffe5a140000 - 0x00007ffe5a157000 	C:\Users\0.R.G\.jdks\openjdk-19.0.1\bin\jli.dll
0x00007ffe59b50000 - 0x00007ffe59b6b000 	C:\Users\0.R.G\.jdks\openjdk-19.0.1\bin\VCRUNTIME140.dll
0x00007ffe60a70000 - 0x00007ffe60c11000 	C:\WINDOWS\System32\USER32.dll
0x00007ffe600f0000 - 0x00007ffe60112000 	C:\WINDOWS\System32\win32u.dll
0x00007ffe4bad0000 - 0x00007ffe4bd6a000 	C:\WINDOWS\WinSxS\amd64_microsoft.windows.common-controls_6595b64144ccf1df_6.0.19041.1110_none_60b5254171f9507e\COMCTL32.dll
0x00007ffe61b50000 - 0x00007ffe61b7b000 	C:\WINDOWS\System32\GDI32.dll
0x00007ffe60c20000 - 0x00007ffe60cbe000 	C:\WINDOWS\System32\msvcrt.dll
0x00007ffe605a0000 - 0x00007ffe606af000 	C:\WINDOWS\System32\gdi32full.dll
0x00007ffe60400000 - 0x00007ffe6049d000 	C:\WINDOWS\System32\msvcp_win.dll
0x00007ffe61eb0000 - 0x00007ffe61ee2000 	C:\WINDOWS\System32\IMM32.DLL
0x00007ffe5a4d0000 - 0x00007ffe5a4dc000 	C:\Users\0.R.G\.jdks\openjdk-19.0.1\bin\vcruntime140_1.dll
0x00007ffe58b00000 - 0x00007ffe58b8e000 	C:\Users\0.R.G\.jdks\openjdk-19.0.1\bin\msvcp140.dll
0x00007ffe141e0000 - 0x00007ffe14ea0000 	C:\Users\0.R.G\.jdks\openjdk-19.0.1\bin\server\jvm.dll
0x00007ffe60890000 - 0x00007ffe6093e000 	C:\WINDOWS\System32\ADVAPI32.dll
0x00007ffe607f0000 - 0x00007ffe6088c000 	C:\WINDOWS\System32\sechost.dll
0x00007ffe60940000 - 0x00007ffe60a65000 	C:\WINDOWS\System32\RPCRT4.dll
0x00007ffe4f920000 - 0x00007ffe4f929000 	C:\WINDOWS\SYSTEM32\WSOCK32.dll
0x00007ffe52b30000 - 0x00007ffe52b57000 	C:\WINDOWS\SYSTEM32\WINMM.dll
0x00007ffe61e40000 - 0x00007ffe61eab000 	C:\WINDOWS\System32\WS2_32.dll
0x00007ffe58990000 - 0x00007ffe5899a000 	C:\WINDOWS\SYSTEM32\VERSION.dll
0x00007ffe5e6e0000 - 0x00007ffe5e6f2000 	C:\WINDOWS\SYSTEM32\kernel.appcore.dll
0x00007ffe59ff0000 - 0x00007ffe59ffa000 	C:\Users\0.R.G\.jdks\openjdk-19.0.1\bin\jimage.dll
0x00007ffe5dbc0000 - 0x00007ffe5dda4000 	C:\WINDOWS\SYSTEM32\DBGHELP.DLL
0x00007ffe57ed0000 - 0x00007ffe57f05000 	C:\WINDOWS\SYSTEM32\dbgcore.DLL
0x00007ffe5fe40000 - 0x00007ffe5fec2000 	C:\WINDOWS\System32\bcryptPrimitives.dll
0x00007ffe586f0000 - 0x00007ffe586fe000 	C:\Users\0.R.G\.jdks\openjdk-19.0.1\bin\instrument.dll
0x00007ffe59b20000 - 0x00007ffe59b46000 	C:\Users\0.R.G\.jdks\openjdk-19.0.1\bin\java.dll
0x00007ffe58450000 - 0x00007ffe58527000 	C:\Users\0.R.G\.jdks\openjdk-19.0.1\bin\jsvml.dll
0x00007ffe61390000 - 0x00007ffe61ad4000 	C:\WINDOWS\System32\SHELL32.dll
0x00007ffe5ddb0000 - 0x00007ffe5e542000 	C:\WINDOWS\SYSTEM32\windows.storage.dll
0x00007ffe61000000 - 0x00007ffe61355000 	C:\WINDOWS\System32\combase.dll
0x00007ffe5f7c0000 - 0x00007ffe5f7f0000 	C:\WINDOWS\SYSTEM32\Wldp.dll
0x00007ffe61d30000 - 0x00007ffe61ddd000 	C:\WINDOWS\System32\SHCORE.dll
0x00007ffe626b0000 - 0x00007ffe62705000 	C:\WINDOWS\System32\shlwapi.dll
0x00007ffe5fd80000 - 0x00007ffe5fd9f000 	C:\WINDOWS\SYSTEM32\profapi.dll
0x00007ffe58ae0000 - 0x00007ffe58af8000 	C:\Users\0.R.G\.jdks\openjdk-19.0.1\bin\zip.dll
0x00007ffe59b00000 - 0x00007ffe59b13000 	C:\Users\0.R.G\.jdks\openjdk-19.0.1\bin\net.dll
0x00007ffe58cd0000 - 0x00007ffe58ddc000 	C:\WINDOWS\SYSTEM32\WINHTTP.dll
0x00007ffe5f5a0000 - 0x00007ffe5f60a000 	C:\WINDOWS\system32\mswsock.dll
0x00007ffe58c20000 - 0x00007ffe58c36000 	C:\Users\0.R.G\.jdks\openjdk-19.0.1\bin\nio.dll
0x00007ffe52c00000 - 0x00007ffe52c1a000 	C:\Program Files\JetBrains\IntelliJ IDEA Community Edition 2022.2.3\bin\breakgen64.dll
0x00007ffe58ac0000 - 0x00007ffe58ac8000 	C:\Users\0.R.G\.jdks\openjdk-19.0.1\bin\extnet.dll
0x00007ffe252c0000 - 0x00007ffe25450000 	C:\Users\0.R.G\.jdks\openjdk-19.0.1\bin\awt.dll
0x00007ffe60f20000 - 0x00007ffe60fed000 	C:\WINDOWS\System32\OLEAUT32.dll
0x00007ffe5d340000 - 0x00007ffe5d3d1000 	C:\WINDOWS\SYSTEM32\apphelp.dll
0x00007ffe5d810000 - 0x00007ffe5d83f000 	C:\WINDOWS\system32\DWMAPI.DLL
0x00007ffe5d470000 - 0x00007ffe5d50e000 	C:\WINDOWS\system32\uxtheme.dll
0x00007ffe2b790000 - 0x00007ffe2b8b5000 	C:\WINDOWS\system32\opengl32.dll
0x00007ffe2bdc0000 - 0x00007ffe2bdec000 	C:\WINDOWS\SYSTEM32\GLU32.dll
0x00007ffe60cc0000 - 0x00007ffe60dd5000 	C:\WINDOWS\System32\MSCTF.dll
0x00007ffe61b80000 - 0x00007ffe61caa000 	C:\WINDOWS\System32\ole32.dll
0x00007ffe59fb0000 - 0x00007ffe59fc0000 	C:\Users\0.R.G\.jdks\openjdk-19.0.1\bin\verify.dll
0x0000000010000000 - 0x000000001005a000 	E:\New folder (3)\JOGLwin\lib64\jogl.dll
0x000000005bfe0000 - 0x000000005c0a9000 	C:\WINDOWS\WinSxS\amd64_microsoft.vc80.crt_1fc8b3b9a1e18e3b_8.0.50727.9672_none_88e266cb2fac7c0d\MSVCR80.dll
0x00007ffe36470000 - 0x00007ffe364f6000 	C:\Users\0.R.G\.jdks\openjdk-19.0.1\bin\freetype.dll
0x00007ffe19870000 - 0x00007ffe19935000 	C:\Users\0.R.G\.jdks\openjdk-19.0.1\bin\fontmanager.dll
0x00007ffe437e0000 - 0x00007ffe438d9000 	C:\WINDOWS\SYSTEM32\textinputframework.dll
0x00007ffe5d110000 - 0x00007ffe5d202000 	C:\WINDOWS\System32\CoreMessaging.dll
0x00007ffe5cdb0000 - 0x00007ffe5d10e000 	C:\WINDOWS\System32\CoreUIComponents.dll
0x00007ffe5efb0000 - 0x00007ffe5efe3000 	C:\WINDOWS\SYSTEM32\ntmarta.dll
0x00007ffe5c640000 - 0x00007ffe5c794000 	C:\WINDOWS\SYSTEM32\wintypes.dll
0x00007ffe583a0000 - 0x00007ffe583a7000 	C:\Users\0.R.G\.jdks\openjdk-19.0.1\bin\jawt.dll
0x00000000003d0000 - 0x00000000003d7000 	E:\New folder (3)\JOGLwin\lib64\jogl_awt.dll
0x00007ffe60de0000 - 0x00007ffe60e8f000 	C:\WINDOWS\System32\clbcatq.dll
0x00007ffe576f0000 - 0x00007ffe577e7000 	C:\Windows\System32\AppXDeploymentClient.dll
0x00007ffdd8360000 - 0x00007ffddb388000 	C:\WINDOWS\System32\DriverStore\FileRepository\nvhm.inf_amd64_4a2f8a62d5686839\nvoglv64.dll
0x00007ffe61fb0000 - 0x00007ffe62418000 	C:\WINDOWS\System32\SETUPAPI.dll
0x00007ffe600a0000 - 0x00007ffe600ee000 	C:\WINDOWS\System32\cfgmgr32.dll
0x00007ffe60760000 - 0x00007ffe60787000 	C:\WINDOWS\System32\bcrypt.dll
0x00007ffe5a240000 - 0x00007ffe5a254000 	C:\WINDOWS\SYSTEM32\WTSAPI32.dll
0x00007ffe5f730000 - 0x00007ffe5f73c000 	C:\WINDOWS\SYSTEM32\CRYPTBASE.DLL
0x00007ffe5fbb0000 - 0x00007ffe5fbc2000 	C:\WINDOWS\SYSTEM32\msasn1.dll
0x00007ffe58940000 - 0x00007ffe58971000 	C:\WINDOWS\SYSTEM32\cryptnet.dll
0x00007ffe5fed0000 - 0x00007ffe60026000 	C:\WINDOWS\System32\CRYPT32.dll
0x00007ffe58fd0000 - 0x00007ffe59118000 	C:\WINDOWS\SYSTEM32\drvstore.dll
0x00007ffe5fbd0000 - 0x00007ffe5fbfc000 	C:\WINDOWS\SYSTEM32\devobj.dll
0x00007ffe60030000 - 0x00007ffe60099000 	C:\WINDOWS\System32\WINTRUST.dll
0x00007ffe3fa90000 - 0x00007ffe3facb000 	C:\WINDOWS\SYSTEM32\dxcore.dll
0x00007ffe5f3d0000 - 0x00007ffe5f41b000 	C:\WINDOWS\SYSTEM32\powrprof.dll
0x00007ffe5f240000 - 0x00007ffe5f252000 	C:\WINDOWS\SYSTEM32\UMPDC.dll
0x00007ffe5eb00000 - 0x00007ffe5eb64000 	C:\WINDOWS\SYSTEM32\WINSTA.dll
0x00007ffe5fb00000 - 0x00007ffe5fb18000 	C:\WINDOWS\SYSTEM32\CRYPTSP.dll
0x00007ffe5ee70000 - 0x00007ffe5eea4000 	C:\WINDOWS\system32\rsaenh.dll
0x00007ffe5fd00000 - 0x00007ffe5fd2e000 	C:\WINDOWS\SYSTEM32\USERENV.dll
0x00007ffe5f260000 - 0x00007ffe5f29b000 	C:\WINDOWS\SYSTEM32\IPHLPAPI.DLL
0x00007ffe61360000 - 0x00007ffe61368000 	C:\WINDOWS\System32\NSI.dll
0x00007ffe59230000 - 0x00007ffe59247000 	C:\WINDOWS\SYSTEM32\dhcpcsvc6.DLL
0x00007ffe597a0000 - 0x00007ffe597bd000 	C:\WINDOWS\SYSTEM32\dhcpcsvc.DLL
0x00007ffe5f2a0000 - 0x00007ffe5f36a000 	C:\WINDOWS\SYSTEM32\DNSAPI.dll
0x00007ffe4fb50000 - 0x00007ffe4fb7e000 	C:\Users\0.R.G\.jdks\openjdk-19.0.1\bin\javajpeg.dll

dbghelp: loaded successfully - version: 4.0.5 - missing functions: none
symbol engine: initialized successfully - sym options: 0x614 - pdb path: .;C:\Users\0.R.G\.jdks\openjdk-19.0.1\bin;C:\WINDOWS\SYSTEM32;C:\WINDOWS\WinSxS\amd64_microsoft.windows.common-controls_6595b64144ccf1df_6.0.19041.1110_none_60b5254171f9507e;C:\Users\0.R.G\.jdks\openjdk-19.0.1\bin\server;C:\Program Files\JetBrains\IntelliJ IDEA Community Edition 2022.2.3\bin;E:\New folder (3)\JOGLwin\lib64;C:\WINDOWS\WinSxS\amd64_microsoft.vc80.crt_1fc8b3b9a1e18e3b_8.0.50727.9672_none_88e266cb2fac7c0d;C:\WINDOWS\System32\DriverStore\FileRepository\nvhm.inf_amd64_4a2f8a62d5686839

VM Arguments:
jvm_args: -Djava.library.path=E:\New folder (3)\JOGLwin\lib64 -javaagent:C:\Program Files\JetBrains\IntelliJ IDEA Community Edition 2022.2.3\lib\idea_rt.jar=51154:C:\Program Files\JetBrains\IntelliJ IDEA Community Edition 2022.2.3\bin -Dfile.encoding=UTF-8 -Dsun.stdout.encoding=UTF-8 -Dsun.stderr.encoding=UTF-8 
java_command: Man.Anim
java_class_path (initial): F:\bAA\CS304Fall2022\out\production\CS304Fall2022;E:\New folder (3)\JOGLwin\lib64\gluegen-rt.jar;E:\New folder (3)\JOGLwin\lib64\jogl.jar
Launcher Type: SUN_STANDARD

[Global flags]
     intx CICompilerCount                          = 4                                         {product} {ergonomic}
     uint ConcGCThreads                            = 2                                         {product} {ergonomic}
     uint G1ConcRefinementThreads                  = 8                                         {product} {ergonomic}
   size_t G1HeapRegionSize                         = 1048576                                   {product} {ergonomic}
    uintx GCDrainStackTargetSize                   = 64                                        {product} {ergonomic}
   size_t InitialHeapSize                          = 134217728                                 {product} {ergonomic}
   size_t MarkStackSize                            = 4194304                                   {product} {ergonomic}
   size_t MaxHeapSize                              = 2118123520                                {product} {ergonomic}
   size_t MaxNewSize                               = 1270874112                                {product} {ergonomic}
   size_t MinHeapDeltaBytes                        = 1048576                                   {product} {ergonomic}
   size_t MinHeapSize                              = 8388608                                   {product} {ergonomic}
    uintx NonNMethodCodeHeapSize                   = 5839372                                {pd product} {ergonomic}
    uintx NonProfiledCodeHeapSize                  = 122909434                              {pd product} {ergonomic}
    uintx ProfiledCodeHeapSize                     = 122909434                              {pd product} {ergonomic}
    uintx ReservedCodeCacheSize                    = 251658240                              {pd product} {ergonomic}
     bool SegmentedCodeCache                       = true                                      {product} {ergonomic}
   size_t SoftMaxHeapSize                          = 2118123520                             {manageable} {ergonomic}
     bool UseCompressedClassPointers               = true                           {product lp64_product} {ergonomic}
     bool UseCompressedOops                        = true                           {product lp64_product} {ergonomic}
     bool UseG1GC                                  = true                                      {product} {ergonomic}
     bool UseLargePagesIndividualAllocation        = false                                  {pd product} {ergonomic}

Logging:
Log output configuration:
 #0: stdout all=warning uptime,level,tags foldmultilines=false
 #1: stderr all=off uptime,level,tags foldmultilines=false

Environment Variables:
PATH=C:\Program Files (x86)\Common Files\Oracle\Java\javapath;C:\oraclexe\app\oracle\product\11.2.0\server\bin;C:\WINDOWS\system32;C:\WINDOWS;C:\WINDOWS\System32\Wbem;C:\WINDOWS\System32\WindowsPowerShell\v1.0\;C:\WINDOWS\System32\OpenSSH\;C:\Program Files\Git\cmd;C:\Program Files\nodejs\;C:\Aldec\Active-HDL-Student-Edition\bin;C:\Program Files\MongoDB\Server\6.0\bin;C:\Users\0.R.G\AppData\Local\Microsoft\WindowsApps;C:\Program Files\JetBrains\IntelliJ IDEA Community Edition 2022.2.3\bin;;C:\Users\0.R.G\AppData\Roaming\npm;C:\Users\0.R.G\AppData\Local\Programs\Microsoft VS Code\bin;C:\Users\0.R.G\AppData\Local\GitHubDesktop\bin;C:\ProgramData\0.R.G\GitHubDesktop\bin
USERNAME=0.R.G
OS=Windows_NT
PROCESSOR_IDENTIFIER=Intel64 Family 6 Model 142 Stepping 11, GenuineIntel
TMP=C:\Users\0R9CE7~1.G\AppData\Local\Temp
TEMP=C:\Users\0R9CE7~1.G\AppData\Local\Temp



---------------  S Y S T E M  ---------------

OS:
 Windows 10 , 64 bit Build 19041 (10.0.19041.2364)
OS uptime: 1 days 1:30 hours
Hyper-V role detected

CPU: total 8 (initial active 8) (4 cores per cpu, 2 threads per core) family 6 model 142 stepping 11 microcode 0xae, cx8, cmov, fxsr, ht, mmx, 3dnowpref, sse, sse2, sse3, ssse3, sse4.1, sse4.2, popcnt, lzcnt, tsc, tscinvbit, avx, avx2, aes, erms, clmul, bmi1, bmi2, adx, fma, vzeroupper, clflush, clflushopt, hv, rdtscp

Memory: 4k page, system-wide physical 8078M (530M free)
TotalPageFile size 16759M (AvailPageFile size 6M)
current process WorkingSet (physical memory assigned to process): 114M, peak: 115M
current process commit charge ("private bytes"): 263M, peak: 265M

vm_info: OpenJDK 64-Bit Server VM (19.0.1+10-21) for windows-amd64 JRE (19.0.1+10-21), built on 2022-09-14T12:45:06Z by "mach5one" with MS VC++ 17.1 (VS2022)

END.
